2023-12-28 12:27:14,417 [Worker-7: Loading available Gradle versions] INFO  o.e.b.c.i.u.g.PublishedGradleVersions - Gradle version information cache is out-of-date. Trying to update.
2023-12-28 12:27:15,642 [Worker-7: Loading available Gradle versions] INFO  o.e.b.c.i.u.g.PublishedGradleVersions - Updating Gradle version information cache failed. Using outdated cache.
2023-12-28 12:33:09,273 [Worker-7: Loading available Gradle versions] INFO  o.e.b.c.i.u.g.PublishedGradleVersions - Gradle version information cache is out-of-date. Trying to update.
2023-12-28 12:33:10,363 [Worker-7: Loading available Gradle versions] INFO  o.e.b.c.i.u.g.PublishedGradleVersions - Updating Gradle version information cache failed. Using outdated cache.
2023-12-28 15:42:26,033 [Worker-5: Loading available Gradle versions] INFO  o.e.b.c.i.u.g.PublishedGradleVersions - Gradle version information cache is out-of-date. Trying to update.
2023-12-31 16:38:31,848 [Worker-8: Loading available Gradle versions] INFO  o.e.b.c.i.u.g.PublishedGradleVersions - Gradle version information cache is out-of-date. Trying to update.
2023-12-31 16:55:35,486 [Worker-2: Loading available Gradle versions] INFO  o.e.b.c.i.u.g.PublishedGradleVersions - Gradle version information cache is up-to-date. Trying to read.
2023-12-31 17:08:34,153 [Worker-3: Loading available Gradle versions] INFO  o.e.b.c.i.u.g.PublishedGradleVersions - Gradle version information cache is up-to-date. Trying to read.
2023-12-31 18:07:09,489 [Worker-32: https://testng.org/testng-p2-update-site/7.9.0/compositeContent.xml] INFO  o.a.h.c.h.i.c.HttpRequestRetryExec - Recoverable I/O exception (java.net.SocketException) caught when processing request to {s}->https://testng.org:443
2023-12-31 18:18:30,520 [Worker-37: https://public.dhe.ibm.com/ibmdl/export/pub/software/websphere/runtimes/tools/gcmv/p2.index] INFO  o.a.h.c.h.i.c.HttpRequestRetryExec - Recoverable I/O exception (java.net.SocketException) caught when processing request to {s}->https://public.dhe.ibm.com:443
2023-12-31 18:25:55,304 [Worker-36: https://testng.org/testng-p2-update-site/updatesites/7.5.0.r202201070709/artifacts.jar] INFO  o.a.h.c.h.i.c.HttpRequestRetryExec - Recoverable I/O exception (java.net.SocketException) caught when processing request to {s}->https://testng.org:443
2023-12-31 18:29:29,417 [Worker-31: https://download.eclipse.org/usssdk/drops/nightly/N20231230-044209/artifacts.xml.xz] INFO  o.a.h.c.h.i.c.HttpRequestRetryExec - Recoverable I/O exception (java.net.SocketException) caught when processing request to {s}->https://download.eclipse.org:443
2023-12-31 18:30:55,012 [Worker-5: Loading available Gradle versions] INFO  o.e.b.c.i.u.g.PublishedGradleVersions - Gradle version information cache is up-to-date. Trying to read.
2023-12-31 18:37:06,509 [Worker-24: https://download.eclipse.org/egit/updates-6.7/content.xml.xz] INFO  o.a.h.c.h.i.c.HttpRequestRetryExec - Recoverable I/O exception (java.net.SocketException) caught when processing request to {s}->https://download.eclipse.org:443
2023-12-31 18:51:17,383 [Worker-2: Loading available Gradle versions] INFO  o.e.b.c.i.u.g.PublishedGradleVersions - Gradle version information cache is up-to-date. Trying to read.
2023-12-31 19:00:19,596 [Worker-37: https://download.eclipse.org/oomph/uss/updates/latest/content.xml.xz] INFO  o.a.h.c.h.i.c.HttpRequestRetryExec - Recoverable I/O exception (java.net.SocketException) caught when processing request to {s}->https://download.eclipse.org:443
2023-12-31 19:01:10,861 [Worker-5: https://download.eclipse.org/oomph/drops/release/1.31.0/content.xml.xz] INFO  o.a.h.c.h.i.c.HttpRequestRetryExec - Recoverable I/O exception (org.apache.hc.core5.http.NoHttpResponseException) caught when processing request to {s}->https://download.eclipse.org:443
2023-12-31 19:03:30,872 [Worker-43: https://testng.org/testng-p2-update-site/p2.index] INFO  o.a.h.c.h.i.c.HttpRequestRetryExec - Recoverable I/O exception (java.net.SocketException) caught when processing request to {s}->https://testng.org:443
2023-12-31 19:05:36,049 [Worker-42: https://testng.org/testng-p2-update-site/6.12.0/content.xml] INFO  o.a.h.c.h.i.c.HttpRequestRetryExec - Recoverable I/O exception (java.net.SocketException) caught when processing request to {s}->https://testng.org:443
2023-12-31 19:09:11,266 [Worker-38: https://testng.org/testng-p2-update-site/6.13.1/compositeContent.xml] INFO  o.a.h.c.h.i.c.HttpRequestRetryExec - Recoverable I/O exception (java.net.SocketException) caught when processing request to {s}->https://testng.org:443
2023-12-31 19:11:43,913 [Worker-45: https://testng.org/testng-p2-update-site/7.2.0/p2.index] INFO  o.a.h.c.h.i.c.HttpRequestRetryExec - Recoverable I/O exception (java.net.SocketException) caught when processing request to {s}->https://testng.org:443
2023-12-31 19:13:26,745 [Worker-42: https://testng.org/testng-p2-update-site/7.3.0/content.xml] INFO  o.a.h.c.h.i.c.HttpRequestRetryExec - Recoverable I/O exception (java.net.SocketException) caught when processing request to {s}->https://testng.org:443
2023-12-31 19:18:45,233 [Worker-1: Loading available Gradle versions] INFO  o.e.b.c.i.u.g.PublishedGradleVersions - Gradle version information cache is up-to-date. Trying to read.
2023-12-31 19:30:56,044 [Worker-7: https://download.oracle.com/otn_software/oepe/12.2.1.9/photon/repository/dependencies/content.xml] INFO  o.a.h.c.h.i.c.HttpRequestRetryExec - Recoverable I/O exception (java.net.SocketException) caught when processing request to {s}->https://download.oracle.com:443
2023-12-31 19:37:52,919 [Worker-25: https://download.eclipse.org/lsp4e/releases/0.24.3/content.xml.xz] INFO  o.a.h.c.h.i.c.HttpRequestRetryExec - Recoverable I/O exception (java.net.SocketException) caught when processing request to {s}->https://download.eclipse.org:443
2023-12-31 19:39:28,492 [Worker-31: https://download.eclipse.org/usssdk/updates/content.jar] INFO  o.a.h.c.h.i.c.HttpRequestRetryExec - Recoverable I/O exception (java.net.SocketException) caught when processing request to {s}->https://download.eclipse.org:443
2023-12-31 19:54:46,173 [Worker-30: https://download.eclipse.org/jetty/updates/jetty-wtp/1.0.0.201203011137/content.xml] INFO  o.a.h.c.h.i.c.HttpRequestRetryExec - Recoverable I/O exception (java.net.SocketException) caught when processing request to {s}->https://download.eclipse.org:443
2023-12-31 19:58:16,087 [Worker-34: https://download.eclipse.org/jetty/updates/jetty-wtp/1.0.0.201203011137/compositeContent.xml] INFO  o.a.h.c.h.i.c.HttpRequestRetryExec - Recoverable I/O exception (org.apache.hc.core5.http.NoHttpResponseException) caught when processing request to {s}->https://download.eclipse.org:443
2023-12-31 20:02:25,763 [Worker-31: https://download.eclipse.org/jetty/updates/jetty-wtp/1.0.0.201203011137/features/org.eclipse.jst.server.jetty.feature_1.0.0.201203011137.jar] INFO  o.a.h.c.h.i.c.HttpRequestRetryExec - Recoverable I/O exception (java.net.SocketException) caught when processing request to {s}->https://download.eclipse.org:443
2023-12-31 20:03:25,709 [Worker-31: https://download.eclipse.org/jetty/updates/jetty-wtp/1.0.0.201203011137/features/org.eclipse.jst.server.jetty.feature_1.0.0.201203011137.jar] INFO  o.a.h.c.h.i.c.HttpRequestRetryExec - Recoverable I/O exception (java.net.SocketException) caught when processing request to {s}->https://archive.eclipse.org:443
2023-12-31 20:09:00,527 [Worker-35: https://public.dhe.ibm.com/ibmdl/export/pub/software/websphere/wasdev/updates/wamt/MigrationToolkit/p2.index] INFO  o.a.h.c.h.i.c.HttpRequestRetryExec - Recoverable I/O exception (org.apache.hc.core5.http.NoHttpResponseException) caught when processing request to {s}->https://public.dhe.ibm.com:443
2023-12-31 20:09:32,994 [Worker-13: https://public.dhe.ibm.com/ibmdl/export/pub/software/websphere/wasdev/updates/wamt/MigrationToolkit/p2.index] INFO  o.a.h.c.h.i.c.HttpRequestRetryExec - Recoverable I/O exception (org.apache.hc.core5.http.NoHttpResponseException) caught when processing request to {s}->https://public.dhe.ibm.com:443
2023-12-31 20:12:07,628 [Worker-35: https://public.dhe.ibm.com/ibmdl/export/pub/software/websphere/wasdev/updates/wdt/2023-09_comp/compositeContent.jar] INFO  o.a.h.c.h.i.c.HttpRequestRetryExec - Recoverable I/O exception (org.apache.hc.core5.http.NoHttpResponseException) caught when processing request to {s}->https://public.dhe.ibm.com:443
2023-12-31 20:29:24,764 [Worker-11: https://public.dhe.ibm.com/ibmdl/export/pub/software/websphere/wasdev/updates/wdt/2023-09_comp/repository/plugins/com.ibm.jee.annotations.processor_1.1.50.v20231128_1051.jar] INFO  o.a.h.c.h.i.c.HttpRequestRetryExec - Recoverable I/O exception (org.apache.hc.core5.http.NoHttpResponseException) caught when processing request to {s}->https://public.dhe.ibm.com:443
2023-12-31 20:29:41,351 [Worker-35: https://public.dhe.ibm.com/ibmdl/export/pub/software/websphere/wasdev/updates/wdt/2023-09_comp/repository/plugins/com.ibm.jee.jpa.compatibility_2.0.1.v20231128_1051.jar] INFO  o.a.h.c.h.i.c.HttpRequestRetryExec - Recoverable I/O exception (org.apache.hc.core5.http.NoHttpResponseException) caught when processing request to {s}->https://public.dhe.ibm.com:443
2023-12-31 20:29:52,678 [Worker-36: https://public.dhe.ibm.com/ibmdl/export/pub/software/websphere/wasdev/updates/wdt/2023-09_comp/repository/features/com.ibm.jee.jpa.core.feature.eclipse43_1.400.251.v20231128_1051.jar] INFO  o.a.h.c.h.i.c.HttpRequestRetryExec - Recoverable I/O exception (org.apache.hc.core5.http.NoHttpResponseException) caught when processing request to {s}->https://public.dhe.ibm.com:443
2023-12-31 20:29:58,661 [Worker-13: https://public.dhe.ibm.com/ibmdl/export/pub/software/websphere/wasdev/updates/wdt/2023-09_comp/repository/plugins/com.ibm.jee.jpa.entity.config_1.200.102.v20231128_1051.jar] INFO  o.a.h.c.h.i.c.HttpRequestRetryExec - Recoverable I/O exception (org.apache.hc.core5.http.NoHttpResponseException) caught when processing request to {s}->https://public.dhe.ibm.com:443
2023-12-31 20:30:04,829 [Worker-63: https://public.dhe.ibm.com/ibmdl/export/pub/software/websphere/wasdev/updates/wdt/2023-09_comp/repository/plugins/com.ibm.jee.jpa.platform_1.200.100.v20231128_1051.jar] INFO  o.a.h.c.h.i.c.HttpRequestRetryExec - Recoverable I/O exception (java.net.SocketException) caught when processing request to {s}->https://public.dhe.ibm.com:443
2023-12-31 20:32:59,890 [Worker-64: https://public.dhe.ibm.com/ibmdl/export/pub/software/websphere/wasdev/updates/wdt/2023-09_comp/repository/plugins/com.ibm.wdt.install_1.0.86.v20231128_1051.jar] INFO  o.a.h.c.h.i.c.HttpRequestRetryExec - Recoverable I/O exception (org.apache.hc.core5.http.NoHttpResponseException) caught when processing request to {s}->https://public.dhe.ibm.com:443
2023-12-31 20:33:35,644 [Worker-64: https://public.dhe.ibm.com/ibmdl/export/pub/software/websphere/wasdev/updates/wdt/2023-09_comp/repository/features/com.ibm.wdt.javaee.feature_1.0.401.v20231128_1051.jar] INFO  o.a.h.c.h.i.c.HttpRequestRetryExec - Recoverable I/O exception (org.apache.hc.core5.http.NoHttpResponseException) caught when processing request to {s}->https://public.dhe.ibm.com:443
2023-12-31 20:34:42,036 [Worker-63: https://public.dhe.ibm.com/ibmdl/export/pub/software/websphere/wasdev/updates/wdt/2023-09_comp/repository/plugins/com.ibm.wdt.install.ui_1.0.12.v20231128_1051.jar] INFO  o.a.h.c.h.i.c.HttpRequestRetryExec - Recoverable I/O exception (java.net.SocketException) caught when processing request to {s}->https://public.dhe.ibm.com:443
2023-12-31 20:40:50,986 [Worker-3: Loading available Gradle versions] INFO  o.e.b.c.i.u.g.PublishedGradleVersions - Gradle version information cache is up-to-date. Trying to read.
2024-01-01 13:10:11,815 [Worker-0: Loading available Gradle versions] INFO  o.e.b.c.i.u.g.PublishedGradleVersions - Gradle version information cache is up-to-date. Trying to read.
2024-01-01 16:58:29,292 [Worker-4: Loading available Gradle versions] INFO  o.e.b.c.i.u.g.PublishedGradleVersions - Gradle version information cache is out-of-date. Trying to update.
2024-01-04 13:52:46,507 [Worker-2: Loading available Gradle versions] INFO  o.e.b.c.i.u.g.PublishedGradleVersions - Gradle version information cache is out-of-date. Trying to update.
2024-01-07 02:08:20,831 [Worker-0: Loading available Gradle versions] INFO  o.e.b.c.i.u.g.PublishedGradleVersions - Gradle version information cache is up-to-date. Trying to read.
2024-01-07 11:06:18,175 [Worker-2: Loading available Gradle versions] INFO  o.e.b.c.i.u.g.PublishedGradleVersions - Gradle version information cache is up-to-date. Trying to read.
2024-01-07 11:59:44,929 [Worker-1: Loading available Gradle versions] INFO  o.e.b.c.i.u.g.PublishedGradleVersions - Gradle version information cache is up-to-date. Trying to read.
2024-01-07 12:32:20,297 [Worker-3: Loading available Gradle versions] INFO  o.e.b.c.i.u.g.PublishedGradleVersions - Gradle version information cache is up-to-date. Trying to read.
2024-01-07 23:13:49,395 [Worker-3: Loading available Gradle versions] INFO  o.e.b.c.i.u.g.PublishedGradleVersions - Gradle version information cache is up-to-date. Trying to read.
2024-01-08 21:39:18,338 [Worker-4: Loading available Gradle versions] INFO  o.e.b.c.i.u.g.PublishedGradleVersions - Gradle version information cache is out-of-date. Trying to update.
2024-01-09 20:21:44,705 [Worker-7: Loading available Gradle versions] INFO  o.e.b.c.i.u.g.PublishedGradleVersions - Gradle version information cache is up-to-date. Trying to read.
2024-01-10 11:52:02,575 [Worker-2: Loading available Gradle versions] INFO  o.e.b.c.i.u.g.PublishedGradleVersions - Gradle version information cache is out-of-date. Trying to update.
2024-01-20 22:14:52,234 [Worker-5: Loading available Gradle versions] INFO  o.e.b.c.i.u.g.PublishedGradleVersions - Gradle version information cache is out-of-date. Trying to update.
2024-01-20 22:51:32,656 [Worker-3: Loading available Gradle versions] INFO  o.e.b.c.i.u.g.PublishedGradleVersions - Gradle version information cache is up-to-date. Trying to read.
2024-01-21 14:46:53,822 [Worker-2: Loading available Gradle versions] INFO  o.e.b.c.i.u.g.PublishedGradleVersions - Gradle version information cache is up-to-date. Trying to read.
2024-01-21 15:00:56,465 [Worker-6: Loading available Gradle versions] INFO  o.e.b.c.i.u.g.PublishedGradleVersions - Gradle version information cache is up-to-date. Trying to read.
2024-01-21 22:26:46,087 [Worker-0: Loading available Gradle versions] INFO  o.e.b.c.i.u.g.PublishedGradleVersions - Gradle version information cache is out-of-date. Trying to update.
2024-01-21 22:26:46,963 [Worker-0: Loading available Gradle versions] INFO  o.e.b.c.i.u.g.PublishedGradleVersions - Updating Gradle version information cache failed. Using outdated cache.
2024-01-22 16:21:21,915 [Worker-2: Loading available Gradle versions] INFO  o.e.b.c.i.u.g.PublishedGradleVersions - Gradle version information cache is out-of-date. Trying to update.
2024-01-23 01:09:20,717 [Worker-1: Loading available Gradle versions] INFO  o.e.b.c.i.u.g.PublishedGradleVersions - Gradle version information cache is up-to-date. Trying to read.
